[17:46:00] hrna @ #tsunku :estimeininki
 [18:06:28] jaska @ #tsunku :Loading module fmi
 [18:06:29] hrna @ #tsunku :Noniin
 [18:06:30] jaska @ #tsunku ::)
 [18:06:31] hrna @ #tsunku :miten toimii
 [18:06:32] jaska @ #tsunku :ja reloadis vet채채 vaan modulet
 [18:06:33] hrna @ #tsunku :saatana
 ~18:06:58~ hrna @ #tsunku :testimeininkii
 ~18:07:00~ hrna @ #tsunku ::)
 ~18:07:02~ hrna @ #tsunku ::D
 ~18:07:02~ jaska @ #tsunku :!reload
 ~18:33:58~ hrna @ #tsunku :!fmi
 ~18:34:02~ hrna @ #tsunku :!fmi helsinki
 ~18:34:07~ hrna @ #tsunku ::D
 ~18:34:07~ jaska @ #tsunku ::D
 ~18:34:09~ hrna @ #tsunku :oei
 ~18:34:11~ hrna @ #tsunku :okei
 ~18:34:14~ hrna @ #tsunku :!fmi set helsinki
 ~18:34:16~ hrna @ #tsunku :!fmi
 ~18:34:21~ hrna @ #tsunku :okei
 ~18:34:23~ hrna @ #tsunku :pieni pugi
 ~18:34:25~ jaska @ #tsunku :ju
 ~18:34:26~ jaska @ #tsunku :pit채채 kattoo
 